<?xml version='1.0'?>
<ns2:test-suite xmlns:ns2='urn:model.allure.qatools.yandex.ru' start='1734344970232' stop='1734345338205'>
    <name>Sceduling appointments for the Patient</name>
    <title>Sceduling appointments for the Patient</title>
    <test-cases>
        <test-case start='1734344970232' status='failed' stop='1734345338140'>
            <name>Validate joining zoom meeting and verifying  for dynamic creation of the patient</name>
            <title>Validate joining zoom meeting and verifying  for dynamic creation of the patient</title>
            <labels/>
            <parameters/>
            <steps/>
            <attachments/>
            <failure>
                <message>Timed out retrying after 30000ms: Expected to find element: `mat-option`, but never found it.</message>
                <stack-trace>AssertionError: Timed out retrying after 30000ms: Expected to find element: `mat-option`, but never found it.
                    at appointment.selectPatientName (webpack:///./cypress/pages/appointment/appointment.js:114:7)
                    at Context.eval (webpack:///./cypress/e2e/appointment/appointment.cy.js:47:7)</stack-trace>
            </failure>
        </test-case>
    </test-cases>
</ns2:test-suite>